2026-02-21T16:21:05.773+05:30  INFO 11256 --- [customer] [restartedMain] com.customer.main.DemoApplication        : Starting DemoApplication using Java 25.0.1 with PID 11256 (D:\From Git\Customer_Service\target\classes started by Hp in D:\From Git\Customer_Service)
2026-02-21T16:21:05.776+05:30  INFO 11256 --- [customer] [restartedMain] com.customer.main.DemoApplication        : No active profile set, falling back to 1 default profile: "default"
2026-02-21T16:21:05.825+05:30  INFO 11256 --- [customer] [restartedMain] .e.DevToolsPropertyDefaultsPostProcessor : Devtools property defaults active! Set 'spring.devtools.add-properties' to 'false' to disable
2026-02-21T16:21:05.825+05:30  INFO 11256 --- [customer] [restartedMain] .e.DevToolsPropertyDefaultsPostProcessor : For additional web related logging consider setting the 'logging.level.web' property to 'DEBUG'
2026-02-21T16:21:06.665+05:30  INFO 11256 --- [customer] [restartedMain] .s.d.r.c.RepositoryConfigurationDelegate : Bootstrapping Spring Data JPA repositories in DEFAULT mode.
2026-02-21T16:21:06.736+05:30  INFO 11256 --- [customer] [restartedMain] .s.d.r.c.RepositoryConfigurationDelegate : Finished Spring Data repository scanning in 61 ms. Found 2 JPA repository interfaces.
2026-02-21T16:21:07.537+05:30  INFO 11256 --- [customer] [restartedMain] o.s.b.w.embedded.tomcat.TomcatWebServer  : Tomcat initialized with port 8080 (http)
2026-02-21T16:21:07.553+05:30  INFO 11256 --- [customer] [restartedMain] o.apache.catalina.core.StandardService   : Starting service [Tomcat]
2026-02-21T16:21:07.553+05:30  INFO 11256 --- [customer] [restartedMain] o.apache.catalina.core.StandardEngine    : Starting Servlet engine: [Apache Tomcat/10.1.42]
2026-02-21T16:21:07.610+05:30  INFO 11256 --- [customer] [restartedMain] o.a.c.c.C.[Tomcat].[localhost].[/]       : Initializing Spring embedded WebApplicationContext
2026-02-21T16:21:07.611+05:30  INFO 11256 --- [customer] [restartedMain] w.s.c.ServletWebServerApplicationContext : Root WebApplicationContext: initialization completed in 1785 ms
2026-02-21T16:21:07.849+05:30  INFO 11256 --- [customer] [restartedMain] o.hibernate.jpa.internal.util.LogHelper  : HHH000204: Processing PersistenceUnitInfo [name: default]
2026-02-21T16:21:07.926+05:30  INFO 11256 --- [customer] [restartedMain] org.hibernate.Version                    : HHH000412: Hibernate ORM core version 6.6.18.Final
2026-02-21T16:21:07.966+05:30  INFO 11256 --- [customer] [restartedMain] o.h.c.internal.RegionFactoryInitiator    : HHH000026: Second-level cache disabled
2026-02-21T16:21:08.247+05:30  INFO 11256 --- [customer] [restartedMain] o.s.o.j.p.SpringPersistenceUnitInfo      : No LoadTimeWeaver setup: ignoring JPA class transformer
2026-02-21T16:21:08.279+05:30  INFO 11256 --- [customer] [restartedMain] com.zaxxer.hikari.HikariDataSource       : HikariPool-1 - Starting...
2026-02-21T16:21:08.603+05:30  INFO 11256 --- [customer] [restartedMain] com.zaxxer.hikari.pool.HikariPool        : HikariPool-1 - Added connection com.mysql.cj.jdbc.ConnectionImpl@11203568
2026-02-21T16:21:08.605+05:30  INFO 11256 --- [customer] [restartedMain] com.zaxxer.hikari.HikariDataSource       : HikariPool-1 - Start completed.
2026-02-21T16:21:08.652+05:30  WARN 11256 --- [customer] [restartedMain] org.hibernate.orm.deprecation            : HHH90000025: MySQL8Dialect does not need to be specified explicitly using 'hibernate.dialect' (remove the property setting and it will be selected by default)
2026-02-21T16:21:08.653+05:30  WARN 11256 --- [customer] [restartedMain] org.hibernate.orm.deprecation            : HHH90000026: MySQL8Dialect has been deprecated; use org.hibernate.dialect.MySQLDialect instead
2026-02-21T16:21:08.668+05:30  INFO 11256 --- [customer] [restartedMain] org.hibernate.orm.connections.pooling    : HHH10001005: Database info:
	Database JDBC URL [Connecting through datasource 'HikariDataSource (HikariPool-1)']
	Database driver: undefined/unknown
	Database version: 8.0
	Autocommit mode: undefined/unknown
	Isolation level: undefined/unknown
	Minimum pool size: undefined/unknown
	Maximum pool size: undefined/unknown
2026-02-21T16:21:09.557+05:30  INFO 11256 --- [customer] [restartedMain] o.h.e.t.j.p.i.JtaPlatformInitiator       : HHH000489: No JTA platform available (set 'hibernate.transaction.jta.platform' to enable JTA platform integration)
2026-02-21T16:21:09.613+05:30 DEBUG 11256 --- [customer] [restartedMain] org.hibernate.SQL                        : 
    create table customer_outbox_event (
        id bigint not null auto_increment,
        aggregate_id varchar(255),
        created_at datetime(6),
        event_type varchar(255),
        payload longtext,
        processed_at datetime(6),
        retry_count integer,
        status varchar(255),
        primary key (id)
    ) engine=InnoDB
2026-02-21T16:21:09.717+05:30  INFO 11256 --- [customer] [restartedMain] j.LocalContainerEntityManagerFactoryBean : Initialized JPA EntityManagerFactory for persistence unit 'default'
2026-02-21T16:21:10.095+05:30  INFO 11256 --- [customer] [restartedMain] o.s.d.j.r.query.QueryEnhancerFactory     : Hibernate is in classpath; If applicable, HQL parser will be used.
2026-02-21T16:21:10.478+05:30  WARN 11256 --- [customer] [restartedMain] JpaBaseConfiguration$JpaWebConfiguration : spring.jpa.open-in-view is enabled by default. Therefore, database queries may be performed during view rendering. Explicitly configure spring.jpa.open-in-view to disable this warning
2026-02-21T16:21:10.719+05:30  WARN 11256 --- [customer] [restartedMain] .s.s.UserDetailsServiceAutoConfiguration : 

Using generated security password: e3c13365-e64d-409f-ad4e-4f4ef359534c

This generated password is for development use only. Your security configuration must be updated before running your application in production.

2026-02-21T16:21:10.726+05:30  INFO 11256 --- [customer] [restartedMain] r$InitializeUserDetailsManagerConfigurer : Global AuthenticationManager configured with UserDetailsService bean with name inMemoryUserDetailsManager
2026-02-21T16:21:10.963+05:30  INFO 11256 --- [customer] [restartedMain] c.h.a.c.AuthCommonAutoConfiguration      : Auth common JWT library initialized - JwtUtil and JwtAuthenticationFilter ready
2026-02-21T16:21:11.126+05:30  INFO 11256 --- [customer] [restartedMain] o.s.b.d.a.OptionalLiveReloadServer       : LiveReload server is running on port 35729
2026-02-21T16:21:11.162+05:30  INFO 11256 --- [customer] [restartedMain] o.s.b.w.embedded.tomcat.TomcatWebServer  : Tomcat started on port 8080 (http) with context path '/'
2026-02-21T16:21:11.176+05:30  INFO 11256 --- [customer] [restartedMain] com.customer.main.DemoApplication        : Started DemoApplication in 5.995 seconds (process running for 6.533)
2026-02-21T16:21:11.281+05:30 DEBUG 11256 --- [customer] [scheduling-1] org.hibernate.SQL                        : 
    /* <criteria> */ select
        coe1_0.id,
        coe1_0.aggregate_id,
        coe1_0.created_at,
        coe1_0.event_type,
        coe1_0.payload,
        coe1_0.processed_at,
        coe1_0.retry_count,
        coe1_0.status 
    from
        customer_outbox_event coe1_0 
    where
        coe1_0.status=? 
    order by
        coe1_0.created_at 
    limit
        ?
2026-02-21T16:21:16.318+05:30 DEBUG 11256 --- [customer] [scheduling-1] org.hibernate.SQL                        : 
    /* <criteria> */ select
        coe1_0.id,
        coe1_0.aggregate_id,
        coe1_0.created_at,
        coe1_0.event_type,
        coe1_0.payload,
        coe1_0.processed_at,
        coe1_0.retry_count,
        coe1_0.status 
    from
        customer_outbox_event coe1_0 
    where
        coe1_0.status=? 
    order by
        coe1_0.created_at 
    limit
        ?
2026-02-21T16:21:21.326+05:30 DEBUG 11256 --- [customer] [scheduling-1] org.hibernate.SQL                        : 
    /* <criteria> */ select
        coe1_0.id,
        coe1_0.aggregate_id,
        coe1_0.created_at,
        coe1_0.event_type,
        coe1_0.payload,
        coe1_0.processed_at,
        coe1_0.retry_count,
        coe1_0.status 
    from
        customer_outbox_event coe1_0 
    where
        coe1_0.status=? 
    order by
        coe1_0.created_at 
    limit
        ?
2026-02-21T16:21:26.339+05:30 DEBUG 11256 --- [customer] [scheduling-1] org.hibernate.SQL                        : 
    /* <criteria> */ select
        coe1_0.id,
        coe1_0.aggregate_id,
        coe1_0.created_at,
        coe1_0.event_type,
        coe1_0.payload,
        coe1_0.processed_at,
        coe1_0.retry_count,
        coe1_0.status 
    from
        customer_outbox_event coe1_0 
    where
        coe1_0.status=? 
    order by
        coe1_0.created_at 
    limit
        ?
2026-02-21T16:21:31.353+05:30 DEBUG 11256 --- [customer] [scheduling-1] org.hibernate.SQL                        : 
    /* <criteria> */ select
        coe1_0.id,
        coe1_0.aggregate_id,
        coe1_0.created_at,
        coe1_0.event_type,
        coe1_0.payload,
        coe1_0.processed_at,
        coe1_0.retry_count,
        coe1_0.status 
    from
        customer_outbox_event coe1_0 
    where
        coe1_0.status=? 
    order by
        coe1_0.created_at 
    limit
        ?
2026-02-21T16:21:36.364+05:30 DEBUG 11256 --- [customer] [scheduling-1] org.hibernate.SQL                        : 
    /* <criteria> */ select
        coe1_0.id,
        coe1_0.aggregate_id,
        coe1_0.created_at,
        coe1_0.event_type,
        coe1_0.payload,
        coe1_0.processed_at,
        coe1_0.retry_count,
        coe1_0.status 
    from
        customer_outbox_event coe1_0 
    where
        coe1_0.status=? 
    order by
        coe1_0.created_at 
    limit
        ?
2026-02-21T16:21:41.371+05:30 DEBUG 11256 --- [customer] [scheduling-1] org.hibernate.SQL                        : 
    /* <criteria> */ select
        coe1_0.id,
        coe1_0.aggregate_id,
        coe1_0.created_at,
        coe1_0.event_type,
        coe1_0.payload,
        coe1_0.processed_at,
        coe1_0.retry_count,
        coe1_0.status 
    from
        customer_outbox_event coe1_0 
    where
        coe1_0.status=? 
    order by
        coe1_0.created_at 
    limit
        ?
2026-02-21T16:21:46.375+05:30 DEBUG 11256 --- [customer] [scheduling-1] org.hibernate.SQL                        : 
    /* <criteria> */ select
        coe1_0.id,
        coe1_0.aggregate_id,
        coe1_0.created_at,
        coe1_0.event_type,
        coe1_0.payload,
        coe1_0.processed_at,
        coe1_0.retry_count,
        coe1_0.status 
    from
        customer_outbox_event coe1_0 
    where
        coe1_0.status=? 
    order by
        coe1_0.created_at 
    limit
        ?
2026-02-21T16:21:51.381+05:30 DEBUG 11256 --- [customer] [scheduling-1] org.hibernate.SQL                        : 
    /* <criteria> */ select
        coe1_0.id,
        coe1_0.aggregate_id,
        coe1_0.created_at,
        coe1_0.event_type,
        coe1_0.payload,
        coe1_0.processed_at,
        coe1_0.retry_count,
        coe1_0.status 
    from
        customer_outbox_event coe1_0 
    where
        coe1_0.status=? 
    order by
        coe1_0.created_at 
    limit
        ?
2026-02-21T16:21:56.387+05:30 DEBUG 11256 --- [customer] [scheduling-1] org.hibernate.SQL                        : 
    /* <criteria> */ select
        coe1_0.id,
        coe1_0.aggregate_id,
        coe1_0.created_at,
        coe1_0.event_type,
        coe1_0.payload,
        coe1_0.processed_at,
        coe1_0.retry_count,
        coe1_0.status 
    from
        customer_outbox_event coe1_0 
    where
        coe1_0.status=? 
    order by
        coe1_0.created_at 
    limit
        ?
2026-02-21T16:22:01.393+05:30 DEBUG 11256 --- [customer] [scheduling-1] org.hibernate.SQL                        : 
    /* <criteria> */ select
        coe1_0.id,
        coe1_0.aggregate_id,
        coe1_0.created_at,
        coe1_0.event_type,
        coe1_0.payload,
        coe1_0.processed_at,
        coe1_0.retry_count,
        coe1_0.status 
    from
        customer_outbox_event coe1_0 
    where
        coe1_0.status=? 
    order by
        coe1_0.created_at 
    limit
        ?
2026-02-21T16:22:04.294+05:30  INFO 11256 --- [customer] [http-nio-8080-exec-1] o.a.c.c.C.[Tomcat].[localhost].[/]       : Initializing Spring DispatcherServlet 'dispatcherServlet'
2026-02-21T16:22:04.294+05:30  INFO 11256 --- [customer] [http-nio-8080-exec-1] o.s.web.servlet.DispatcherServlet        : Initializing Servlet 'dispatcherServlet'
2026-02-21T16:22:04.295+05:30  INFO 11256 --- [customer] [http-nio-8080-exec-1] o.s.web.servlet.DispatcherServlet        : Completed initialization in 1 ms
2026-02-21T16:22:06.407+05:30 DEBUG 11256 --- [customer] [scheduling-1] org.hibernate.SQL                        : 
    /* <criteria> */ select
        coe1_0.id,
        coe1_0.aggregate_id,
        coe1_0.created_at,
        coe1_0.event_type,
        coe1_0.payload,
        coe1_0.processed_at,
        coe1_0.retry_count,
        coe1_0.status 
    from
        customer_outbox_event coe1_0 
    where
        coe1_0.status=? 
    order by
        coe1_0.created_at 
    limit
        ?
2026-02-21T16:22:11.421+05:30 DEBUG 11256 --- [customer] [scheduling-1] org.hibernate.SQL                        : 
    /* <criteria> */ select
        coe1_0.id,
        coe1_0.aggregate_id,
        coe1_0.created_at,
        coe1_0.event_type,
        coe1_0.payload,
        coe1_0.processed_at,
        coe1_0.retry_count,
        coe1_0.status 
    from
        customer_outbox_event coe1_0 
    where
        coe1_0.status=? 
    order by
        coe1_0.created_at 
    limit
        ?
2026-02-21T16:22:16.441+05:30 DEBUG 11256 --- [customer] [scheduling-1] org.hibernate.SQL                        : 
    /* <criteria> */ select
        coe1_0.id,
        coe1_0.aggregate_id,
        coe1_0.created_at,
        coe1_0.event_type,
        coe1_0.payload,
        coe1_0.processed_at,
        coe1_0.retry_count,
        coe1_0.status 
    from
        customer_outbox_event coe1_0 
    where
        coe1_0.status=? 
    order by
        coe1_0.created_at 
    limit
        ?
2026-02-21T16:22:21.450+05:30 DEBUG 11256 --- [customer] [scheduling-1] org.hibernate.SQL                        : 
    /* <criteria> */ select
        coe1_0.id,
        coe1_0.aggregate_id,
        coe1_0.created_at,
        coe1_0.event_type,
        coe1_0.payload,
        coe1_0.processed_at,
        coe1_0.retry_count,
        coe1_0.status 
    from
        customer_outbox_event coe1_0 
    where
        coe1_0.status=? 
    order by
        coe1_0.created_at 
    limit
        ?
2026-02-21T16:22:26.455+05:30 DEBUG 11256 --- [customer] [scheduling-1] org.hibernate.SQL                        : 
    /* <criteria> */ select
        coe1_0.id,
        coe1_0.aggregate_id,
        coe1_0.created_at,
        coe1_0.event_type,
        coe1_0.payload,
        coe1_0.processed_at,
        coe1_0.retry_count,
        coe1_0.status 
    from
        customer_outbox_event coe1_0 
    where
        coe1_0.status=? 
    order by
        coe1_0.created_at 
    limit
        ?
2026-02-21T16:22:31.475+05:30 DEBUG 11256 --- [customer] [scheduling-1] org.hibernate.SQL                        : 
    /* <criteria> */ select
        coe1_0.id,
        coe1_0.aggregate_id,
        coe1_0.created_at,
        coe1_0.event_type,
        coe1_0.payload,
        coe1_0.processed_at,
        coe1_0.retry_count,
        coe1_0.status 
    from
        customer_outbox_event coe1_0 
    where
        coe1_0.status=? 
    order by
        coe1_0.created_at 
    limit
        ?
2026-02-21T16:22:32.983+05:30 DEBUG 11256 --- [customer] [http-nio-8080-exec-3] c.c.main.controller.CustomerController   : GET /api/customers | page=0 size=10
2026-02-21T16:22:32.988+05:30 DEBUG 11256 --- [customer] [http-nio-8080-exec-3] c.c.m.serviceImpl.CustomerServiceImpl    : getAllCustomers | page=0 | size=10
2026-02-21T16:22:33.003+05:30 DEBUG 11256 --- [customer] [http-nio-8080-exec-3] org.hibernate.SQL                        : 
    /* <criteria> */ select
        c1_0.customer_id,
        c1_0.aadhaar_number,
        c1_0.created_date,
        c1_0.customer_uuid,
        c1_0.date_of_birth,
        c1_0.email,
        c1_0.first_name,
        c1_0.gender,
        c1_0.last_name,
        c1_0.mobile,
        c1_0.pan_number,
        c1_0.status,
        c1_0.updated_date 
    from
        customer c1_0 
    order by
        c1_0.created_date desc 
    limit
        ?, ?
2026-02-21T16:22:36.491+05:30 DEBUG 11256 --- [customer] [scheduling-1] org.hibernate.SQL                        : 
    /* <criteria> */ select
        coe1_0.id,
        coe1_0.aggregate_id,
        coe1_0.created_at,
        coe1_0.event_type,
        coe1_0.payload,
        coe1_0.processed_at,
        coe1_0.retry_count,
        coe1_0.status 
    from
        customer_outbox_event coe1_0 
    where
        coe1_0.status=? 
    order by
        coe1_0.created_at 
    limit
        ?
2026-02-21T16:22:41.507+05:30 DEBUG 11256 --- [customer] [scheduling-1] org.hibernate.SQL                        : 
    /* <criteria> */ select
        coe1_0.id,
        coe1_0.aggregate_id,
        coe1_0.created_at,
        coe1_0.event_type,
        coe1_0.payload,
        coe1_0.processed_at,
        coe1_0.retry_count,
        coe1_0.status 
    from
        customer_outbox_event coe1_0 
    where
        coe1_0.status=? 
    order by
        coe1_0.created_at 
    limit
        ?
2026-02-21T16:22:46.521+05:30 DEBUG 11256 --- [customer] [scheduling-1] org.hibernate.SQL                        : 
    /* <criteria> */ select
        coe1_0.id,
        coe1_0.aggregate_id,
        coe1_0.created_at,
        coe1_0.event_type,
        coe1_0.payload,
        coe1_0.processed_at,
        coe1_0.retry_count,
        coe1_0.status 
    from
        customer_outbox_event coe1_0 
    where
        coe1_0.status=? 
    order by
        coe1_0.created_at 
    limit
        ?
2026-02-21T16:22:51.533+05:30 DEBUG 11256 --- [customer] [scheduling-1] org.hibernate.SQL                        : 
    /* <criteria> */ select
        coe1_0.id,
        coe1_0.aggregate_id,
        coe1_0.created_at,
        coe1_0.event_type,
        coe1_0.payload,
        coe1_0.processed_at,
        coe1_0.retry_count,
        coe1_0.status 
    from
        customer_outbox_event coe1_0 
    where
        coe1_0.status=? 
    order by
        coe1_0.created_at 
    limit
        ?
2026-02-21T16:22:56.549+05:30 DEBUG 11256 --- [customer] [scheduling-1] org.hibernate.SQL                        : 
    /* <criteria> */ select
        coe1_0.id,
        coe1_0.aggregate_id,
        coe1_0.created_at,
        coe1_0.event_type,
        coe1_0.payload,
        coe1_0.processed_at,
        coe1_0.retry_count,
        coe1_0.status 
    from
        customer_outbox_event coe1_0 
    where
        coe1_0.status=? 
    order by
        coe1_0.created_at 
    limit
        ?
2026-02-21T16:23:01.563+05:30 DEBUG 11256 --- [customer] [scheduling-1] org.hibernate.SQL                        : 
    /* <criteria> */ select
        coe1_0.id,
        coe1_0.aggregate_id,
        coe1_0.created_at,
        coe1_0.event_type,
        coe1_0.payload,
        coe1_0.processed_at,
        coe1_0.retry_count,
        coe1_0.status 
    from
        customer_outbox_event coe1_0 
    where
        coe1_0.status=? 
    order by
        coe1_0.created_at 
    limit
        ?
2026-02-21T16:23:06.574+05:30 DEBUG 11256 --- [customer] [scheduling-1] org.hibernate.SQL                        : 
    /* <criteria> */ select
        coe1_0.id,
        coe1_0.aggregate_id,
        coe1_0.created_at,
        coe1_0.event_type,
        coe1_0.payload,
        coe1_0.processed_at,
        coe1_0.retry_count,
        coe1_0.status 
    from
        customer_outbox_event coe1_0 
    where
        coe1_0.status=? 
    order by
        coe1_0.created_at 
    limit
        ?
2026-02-21T16:23:11.585+05:30 DEBUG 11256 --- [customer] [scheduling-1] org.hibernate.SQL                        : 
    /* <criteria> */ select
        coe1_0.id,
        coe1_0.aggregate_id,
        coe1_0.created_at,
        coe1_0.event_type,
        coe1_0.payload,
        coe1_0.processed_at,
        coe1_0.retry_count,
        coe1_0.status 
    from
        customer_outbox_event coe1_0 
    where
        coe1_0.status=? 
    order by
        coe1_0.created_at 
    limit
        ?
2026-02-21T16:23:16.590+05:30 DEBUG 11256 --- [customer] [scheduling-1] org.hibernate.SQL                        : 
    /* <criteria> */ select
        coe1_0.id,
        coe1_0.aggregate_id,
        coe1_0.created_at,
        coe1_0.event_type,
        coe1_0.payload,
        coe1_0.processed_at,
        coe1_0.retry_count,
        coe1_0.status 
    from
        customer_outbox_event coe1_0 
    where
        coe1_0.status=? 
    order by
        coe1_0.created_at 
    limit
        ?
2026-02-21T16:23:21.600+05:30 DEBUG 11256 --- [customer] [scheduling-1] org.hibernate.SQL                        : 
    /* <criteria> */ select
        coe1_0.id,
        coe1_0.aggregate_id,
        coe1_0.created_at,
        coe1_0.event_type,
        coe1_0.payload,
        coe1_0.processed_at,
        coe1_0.retry_count,
        coe1_0.status 
    from
        customer_outbox_event coe1_0 
    where
        coe1_0.status=? 
    order by
        coe1_0.created_at 
    limit
        ?
2026-02-21T16:23:26.604+05:30 DEBUG 11256 --- [customer] [scheduling-1] org.hibernate.SQL                        : 
    /* <criteria> */ select
        coe1_0.id,
        coe1_0.aggregate_id,
        coe1_0.created_at,
        coe1_0.event_type,
        coe1_0.payload,
        coe1_0.processed_at,
        coe1_0.retry_count,
        coe1_0.status 
    from
        customer_outbox_event coe1_0 
    where
        coe1_0.status=? 
    order by
        coe1_0.created_at 
    limit
        ?
2026-02-21T16:23:31.622+05:30 DEBUG 11256 --- [customer] [scheduling-1] org.hibernate.SQL                        : 
    /* <criteria> */ select
        coe1_0.id,
        coe1_0.aggregate_id,
        coe1_0.created_at,
        coe1_0.event_type,
        coe1_0.payload,
        coe1_0.processed_at,
        coe1_0.retry_count,
        coe1_0.status 
    from
        customer_outbox_event coe1_0 
    where
        coe1_0.status=? 
    order by
        coe1_0.created_at 
    limit
        ?
2026-02-21T16:23:36.639+05:30 DEBUG 11256 --- [customer] [scheduling-1] org.hibernate.SQL                        : 
    /* <criteria> */ select
        coe1_0.id,
        coe1_0.aggregate_id,
        coe1_0.created_at,
        coe1_0.event_type,
        coe1_0.payload,
        coe1_0.processed_at,
        coe1_0.retry_count,
        coe1_0.status 
    from
        customer_outbox_event coe1_0 
    where
        coe1_0.status=? 
    order by
        coe1_0.created_at 
    limit
        ?
2026-02-21T16:23:41.656+05:30 DEBUG 11256 --- [customer] [scheduling-1] org.hibernate.SQL                        : 
    /* <criteria> */ select
        coe1_0.id,
        coe1_0.aggregate_id,
        coe1_0.created_at,
        coe1_0.event_type,
        coe1_0.payload,
        coe1_0.processed_at,
        coe1_0.retry_count,
        coe1_0.status 
    from
        customer_outbox_event coe1_0 
    where
        coe1_0.status=? 
    order by
        coe1_0.created_at 
    limit
        ?
2026-02-21T16:23:46.676+05:30 DEBUG 11256 --- [customer] [scheduling-1] org.hibernate.SQL                        : 
    /* <criteria> */ select
        coe1_0.id,
        coe1_0.aggregate_id,
        coe1_0.created_at,
        coe1_0.event_type,
        coe1_0.payload,
        coe1_0.processed_at,
        coe1_0.retry_count,
        coe1_0.status 
    from
        customer_outbox_event coe1_0 
    where
        coe1_0.status=? 
    order by
        coe1_0.created_at 
    limit
        ?
2026-02-21T16:23:51.692+05:30 DEBUG 11256 --- [customer] [scheduling-1] org.hibernate.SQL                        : 
    /* <criteria> */ select
        coe1_0.id,
        coe1_0.aggregate_id,
        coe1_0.created_at,
        coe1_0.event_type,
        coe1_0.payload,
        coe1_0.processed_at,
        coe1_0.retry_count,
        coe1_0.status 
    from
        customer_outbox_event coe1_0 
    where
        coe1_0.status=? 
    order by
        coe1_0.created_at 
    limit
        ?
2026-02-21T16:23:56.698+05:30 DEBUG 11256 --- [customer] [scheduling-1] org.hibernate.SQL                        : 
    /* <criteria> */ select
        coe1_0.id,
        coe1_0.aggregate_id,
        coe1_0.created_at,
        coe1_0.event_type,
        coe1_0.payload,
        coe1_0.processed_at,
        coe1_0.retry_count,
        coe1_0.status 
    from
        customer_outbox_event coe1_0 
    where
        coe1_0.status=? 
    order by
        coe1_0.created_at 
    limit
        ?
2026-02-21T16:24:01.709+05:30 DEBUG 11256 --- [customer] [scheduling-1] org.hibernate.SQL                        : 
    /* <criteria> */ select
        coe1_0.id,
        coe1_0.aggregate_id,
        coe1_0.created_at,
        coe1_0.event_type,
        coe1_0.payload,
        coe1_0.processed_at,
        coe1_0.retry_count,
        coe1_0.status 
    from
        customer_outbox_event coe1_0 
    where
        coe1_0.status=? 
    order by
        coe1_0.created_at 
    limit
        ?
2026-02-21T16:24:06.717+05:30 DEBUG 11256 --- [customer] [scheduling-1] org.hibernate.SQL                        : 
    /* <criteria> */ select
        coe1_0.id,
        coe1_0.aggregate_id,
        coe1_0.created_at,
        coe1_0.event_type,
        coe1_0.payload,
        coe1_0.processed_at,
        coe1_0.retry_count,
        coe1_0.status 
    from
        customer_outbox_event coe1_0 
    where
        coe1_0.status=? 
    order by
        coe1_0.created_at 
    limit
        ?
2026-02-21T16:24:11.727+05:30 DEBUG 11256 --- [customer] [scheduling-1] org.hibernate.SQL                        : 
    /* <criteria> */ select
        coe1_0.id,
        coe1_0.aggregate_id,
        coe1_0.created_at,
        coe1_0.event_type,
        coe1_0.payload,
        coe1_0.processed_at,
        coe1_0.retry_count,
        coe1_0.status 
    from
        customer_outbox_event coe1_0 
    where
        coe1_0.status=? 
    order by
        coe1_0.created_at 
    limit
        ?
2026-02-21T16:24:16.732+05:30 DEBUG 11256 --- [customer] [scheduling-1] org.hibernate.SQL                        : 
    /* <criteria> */ select
        coe1_0.id,
        coe1_0.aggregate_id,
        coe1_0.created_at,
        coe1_0.event_type,
        coe1_0.payload,
        coe1_0.processed_at,
        coe1_0.retry_count,
        coe1_0.status 
    from
        customer_outbox_event coe1_0 
    where
        coe1_0.status=? 
    order by
        coe1_0.created_at 
    limit
        ?
2026-02-21T16:24:21.737+05:30 DEBUG 11256 --- [customer] [scheduling-1] org.hibernate.SQL                        : 
    /* <criteria> */ select
        coe1_0.id,
        coe1_0.aggregate_id,
        coe1_0.created_at,
        coe1_0.event_type,
        coe1_0.payload,
        coe1_0.processed_at,
        coe1_0.retry_count,
        coe1_0.status 
    from
        customer_outbox_event coe1_0 
    where
        coe1_0.status=? 
    order by
        coe1_0.created_at 
    limit
        ?
2026-02-21T16:24:26.742+05:30 DEBUG 11256 --- [customer] [scheduling-1] org.hibernate.SQL                        : 
    /* <criteria> */ select
        coe1_0.id,
        coe1_0.aggregate_id,
        coe1_0.created_at,
        coe1_0.event_type,
        coe1_0.payload,
        coe1_0.processed_at,
        coe1_0.retry_count,
        coe1_0.status 
    from
        customer_outbox_event coe1_0 
    where
        coe1_0.status=? 
    order by
        coe1_0.created_at 
    limit
        ?
2026-02-21T16:24:31.747+05:30 DEBUG 11256 --- [customer] [scheduling-1] org.hibernate.SQL                        : 
    /* <criteria> */ select
        coe1_0.id,
        coe1_0.aggregate_id,
        coe1_0.created_at,
        coe1_0.event_type,
        coe1_0.payload,
        coe1_0.processed_at,
        coe1_0.retry_count,
        coe1_0.status 
    from
        customer_outbox_event coe1_0 
    where
        coe1_0.status=? 
    order by
        coe1_0.created_at 
    limit
        ?
2026-02-21T16:24:36.752+05:30 DEBUG 11256 --- [customer] [scheduling-1] org.hibernate.SQL                        : 
    /* <criteria> */ select
        coe1_0.id,
        coe1_0.aggregate_id,
        coe1_0.created_at,
        coe1_0.event_type,
        coe1_0.payload,
        coe1_0.processed_at,
        coe1_0.retry_count,
        coe1_0.status 
    from
        customer_outbox_event coe1_0 
    where
        coe1_0.status=? 
    order by
        coe1_0.created_at 
    limit
        ?
2026-02-21T16:24:41.756+05:30 DEBUG 11256 --- [customer] [scheduling-1] org.hibernate.SQL                        : 
    /* <criteria> */ select
        coe1_0.id,
        coe1_0.aggregate_id,
        coe1_0.created_at,
        coe1_0.event_type,
        coe1_0.payload,
        coe1_0.processed_at,
        coe1_0.retry_count,
        coe1_0.status 
    from
        customer_outbox_event coe1_0 
    where
        coe1_0.status=? 
    order by
        coe1_0.created_at 
    limit
        ?
2026-02-21T16:24:46.771+05:30 DEBUG 11256 --- [customer] [scheduling-1] org.hibernate.SQL                        : 
    /* <criteria> */ select
        coe1_0.id,
        coe1_0.aggregate_id,
        coe1_0.created_at,
        coe1_0.event_type,
        coe1_0.payload,
        coe1_0.processed_at,
        coe1_0.retry_count,
        coe1_0.status 
    from
        customer_outbox_event coe1_0 
    where
        coe1_0.status=? 
    order by
        coe1_0.created_at 
    limit
        ?
2026-02-21T16:24:51.787+05:30 DEBUG 11256 --- [customer] [scheduling-1] org.hibernate.SQL                        : 
    /* <criteria> */ select
        coe1_0.id,
        coe1_0.aggregate_id,
        coe1_0.created_at,
        coe1_0.event_type,
        coe1_0.payload,
        coe1_0.processed_at,
        coe1_0.retry_count,
        coe1_0.status 
    from
        customer_outbox_event coe1_0 
    where
        coe1_0.status=? 
    order by
        coe1_0.created_at 
    limit
        ?
